<?xml version="1.0" encoding="UTF-8"?>
<!-- Generated by org.testng.reporters.JUnitReportReporter -->
<testsuite hostname="LAPTOP-9T96KVR7" failures="0" tests="1" name="testNG.learning.Day3" time="0.001" errors="0" timestamp="2023-04-16T05:12:01 BST" skipped="0">
  <testcase classname="testNG.learning.Day3" name="GroupMethodExample3" time="0.001"/>
  <system-out/>
</testsuite> <!-- testNG.learning.Day3 -->
