<?xml version="1.0" encoding="UTF-8"?>
<!-- Generated by org.testng.reporters.JUnitReportReporter -->
<testsuite hostname="LAPTOP-9T96KVR7" failures="0" tests="1" name="testNG.learning.PS" time="0.007" errors="0" timestamp="2023-04-17T02:10:55 BST" skipped="0">
  <testcase classname="testNG.learning.PS" name="child" time="0.007"/>
  <system-out/>
</testsuite> <!-- testNG.learning.PS -->
