<?xml version="1.0" encoding="UTF-8"?>
<!-- Generated by org.testng.reporters.JUnitReportReporter -->
<testsuite hostname="LAPTOP-9T96KVR7" failures="0" tests="2" name="testNG.leaning.Day2" time="0.008" errors="0" timestamp="2023-04-12T22:18:53 BST" skipped="0">
  <testcase classname="testNG.leaning.Day2" name="Day2CarLoanLogin" time="0.007"/>
  <system-out/>
  <testcase classname="testNG.leaning.Day2" name="Day2CarLoanUserName" time="0.001"/>
  <system-out/>
</testsuite> <!-- testNG.leaning.Day2 -->
