<?xml version="1.0" encoding="UTF-8"?>
<!-- Generated by org.testng.reporters.JUnitReportReporter -->
<testsuite hostname="LAPTOP-9T96KVR7" failures="0" tests="6" name="testNG.learning.Day1" time="0.011" errors="0" timestamp="2023-04-16T05:12:01 BST" skipped="0">
  <testcase classname="testNG.learning.Day1" name="GroupTestMethod1" time="0.003"/>
  <system-out/>
  <testcase classname="testNG.learning.Day1" name="PersonalLoanPasswordDay1" time="0.000"/>
  <system-out/>
  <testcase classname="testNG.learning.Day1" name="PersonalLoanPasswordDay1" time="0.002"/>
  <system-out/>
  <testcase classname="testNG.learning.Day1" name="PersonalLoanPasswordDay1" time="0.004"/>
  <system-out/>
  <testcase classname="testNG.learning.Day1" name="PersonalLoanLoginday1" time="0.001"/>
  <system-out/>
  <testcase classname="testNG.learning.Day1" name="PersonalLoanUserNameDay1" time="0.001"/>
  <system-out/>
</testsuite> <!-- testNG.learning.Day1 -->
