<?xml version="1.0" encoding="UTF-8"?>
<!-- Generated by org.testng.reporters.JUnitReportReporter -->
<testsuite hostname="LAPTOP-9T96KVR7" failures="0" tests="3" name="testNG.leaning.Day1" time="0.009" errors="0" timestamp="2023-04-12T22:41:29 BST" skipped="0">
  <testcase classname="testNG.leaning.Day1" name="PersonalLoanUserNameDay1" time="0.000"/>
  <system-out/>
  <testcase classname="testNG.leaning.Day1" name="PersonalLoanPasswordDay1" time="0.001"/>
  <system-out/>
  <testcase classname="testNG.leaning.Day1" name="PersonalLoanLoginday1" time="0.008"/>
  <system-out/>
</testsuite> <!-- testNG.leaning.Day1 -->
