<?xml version="1.0" encoding="UTF-8"?>
<!-- Generated by org.testng.reporters.JUnitReportReporter -->
<testsuite hostname="LAPTOP-9T96KVR7" failures="0" tests="3" name="testNG.learning.Day2" time="0.007" errors="0" timestamp="2023-04-16T05:12:01 BST" skipped="0">
  <testcase classname="testNG.learning.Day2" name="Day2CarLoanPassword" time="0.005"/>
  <system-out/>
  <testcase classname="testNG.learning.Day2" name="GroupMethod2" time="0.001"/>
  <system-out/>
  <testcase classname="testNG.learning.Day2" name="Day2CarLoanUserName" time="0.001"/>
  <system-out/>
</testsuite> <!-- testNG.learning.Day2 -->
