<?xml version="1.0" encoding="UTF-8"?>
<!-- Generated by org.testng.reporters.JUnitReportReporter -->
<testsuite hostname="LAPTOP-9T96KVR7" failures="0" tests="1" name="testNG.learning.Day4" time="0.002" errors="0" timestamp="2023-04-13T01:19:49 BST" skipped="0">
  <testcase classname="testNG.learning.Day4" name="GroupMethodExample4" time="0.002"/>
  <system-out/>
</testsuite> <!-- testNG.learning.Day4 -->
